<?xml version="1.0" encoding="UTF-8"?>
<testng-results ignored="0" total="1" passed="1" failed="0" skipped="0">
  <reporter-output>
  </reporter-output>
  <suite started-at="2023-09-06T12:11:05 IST" name="Suite" finished-at="2023-09-06T12:11:27 IST" duration-ms="21618">
    <groups>
    </groups>
    <test started-at="2023-09-06T12:11:05 IST" name="Test" finished-at="2023-09-06T12:11:27 IST" duration-ms="21618">
      <class name="Preadmission.PreAdmissionScript">
        <test-method is-config="true" signature="openapp()[pri:0, instance:Preadmission.PreAdmissionScript@2ea41516]" started-at="2023-09-06T12:11:06 IST" name="openapp" finished-at="2023-09-06T12:11:20 IST" duration-ms="14638" status="PASS">
          <reporter-output>
          </reporter-output>
        </test-method> <!-- openapp -->
        <test-method signature="PreAdm_Login()[pri:0, instance:Preadmission.PreAdmissionScript@2ea41516]" started-at="2023-09-06T12:11:20 IST" name="PreAdm_Login" finished-at="2023-09-06T12:11:26 IST" duration-ms="5388" status="PASS">
          <reporter-output>
          </reporter-output>
        </test-method> <!-- PreAdm_Login -->
        <test-method is-config="true" signature="closeApp()[pri:0, instance:Preadmission.PreAdmissionScript@2ea41516]" started-at="2023-09-06T12:11:26 IST" name="closeApp" finished-at="2023-09-06T12:11:27 IST" duration-ms="1520" status="PASS">
          <reporter-output>
          </reporter-output>
        </test-method> <!-- closeApp -->
      </class> <!-- Preadmission.PreAdmissionScript -->
    </test> <!-- Test -->
  </suite> <!-- Suite -->
</testng-results>
